<?xml version="1.0" encoding="UTF-8"?>
<!-- Generated by org.testng.reporters.JUnitReportReporter -->
<testsuite hostname="DESKTOP-CJORDV5" failures="0" tests="5" name="runner.RunnerForSalesforceApp" time="42.874" errors="1" timestamp="2023-03-06T19:22:17 EST" skipped="0">
  <testcase classname="runner.RunnerForSalesforceApp" name="runScenario" time="6.644"/>
  <system-out/>
  <testcase classname="runner.RunnerForSalesforceApp" name="runScenario" time="13.978"/>
  <system-out/>
  <testcase classname="runner.RunnerForSalesforceApp" name="runScenario" time="7.821"/>
  <system-out/>
  <testcase classname="runner.RunnerForSalesforceApp" name="runScenario" time="9.637"/>
  <system-out/>
  <testcase classname="runner.RunnerForSalesforceApp" name="runScenario" time="4.794">
    <error message="Cannot invoke &quot;pages.home.HomePage.getTitleOfPage()&quot; because &quot;this.homePage&quot; is null" type="java.lang.NullPointerException">
      <![CDATA[java.lang.NullPointerException: Cannot invoke "pages.home.HomePage.getTitleOfPage()" because "this.homePage" is null
at steps.StepsPOM.verify_pagetitle_as(StepsPOM.java:89)
at âœ½.verify pagetitle as "Check Your Email | Salesforce"(file:///C:/Users/Vivek/eclipse-workspace/firstproject/SeleniumMavenCucumberFramework/src/test/resources/featureFiles/salesforceApp.feature:44)
]]>
    </error>
  </testcase> <!-- runScenario -->
  <system-out/>
</testsuite> <!-- runner.RunnerForSalesforceApp -->
